Thu Aug 23 2018 15:02:59 GMT+0530 (India Standard Time): GET /
Thu Aug 23 2018 15:03:00 GMT+0530 (India Standard Time): GET /
Thu Aug 23 2018 15:03:46 GMT+0530 (India Standard Time): GET /
Thu Aug 23 2018 15:06:21 GMT+0530 (India Standard Time): GET /
Thu Aug 23 2018 15:06:31 GMT+0530 (India Standard Time): POST /login
Thu Aug 23 2018 15:06:36 GMT+0530 (India Standard Time): GET /
Thu Aug 23 2018 15:13:22 GMT+0530 (India Standard Time): GET /
Thu Aug 23 2018 15:13:25 GMT+0530 (India Standard Time): GET /join
Thu Aug 23 2018 15:16:35 GMT+0530 (India Standard Time): GET /
Thu Aug 23 2018 15:16:37 GMT+0530 (India Standard Time): GET /join
Thu Aug 23 2018 15:17:22 GMT+0530 (India Standard Time): GET /
Thu Aug 23 2018 15:17:26 GMT+0530 (India Standard Time): GET /join
Thu Aug 23 2018 15:29:30 GMT+0530 (India Standard Time): GET /
Thu Aug 23 2018 15:29:36 GMT+0530 (India Standard Time): GET /
Thu Aug 23 2018 15:31:47 GMT+0530 (India Standard Time): GET /join
Thu Aug 23 2018 15:33:19 GMT+0530 (India Standard Time): GET /
Thu Aug 23 2018 15:33:21 GMT+0530 (India Standard Time): GET /join
Thu Aug 23 2018 15:46:35 GMT+0530 (India Standard Time): GET /
Thu Aug 23 2018 15:46:37 GMT+0530 (India Standard Time): GET /join
Thu Aug 23 2018 15:48:42 GMT+0530 (India Standard Time): GET /
Thu Aug 23 2018 15:48:44 GMT+0530 (India Standard Time): GET /join
Thu Aug 23 2018 15:50:32 GMT+0530 (India Standard Time): GET /
Thu Aug 23 2018 15:50:34 GMT+0530 (India Standard Time): GET /join
Thu Aug 23 2018 15:51:34 GMT+0530 (India Standard Time): GET /
Thu Aug 23 2018 15:51:36 GMT+0530 (India Standard Time): GET /join/signUp
Thu Aug 23 2018 16:37:08 GMT+0530 (India Standard Time): GET /
Thu Aug 23 2018 16:37:10 GMT+0530 (India Standard Time): GET /join/signUp
Thu Aug 23 2018 16:48:55 GMT+0530 (India Standard Time): GET /
Thu Aug 23 2018 16:48:59 GMT+0530 (India Standard Time): GET /join/signUp
Thu Aug 23 2018 16:49:07 GMT+0530 (India Standard Time): POST /join/signUp
Thu Aug 23 2018 16:50:14 GMT+0530 (India Standard Time): GET /
Thu Aug 23 2018 16:50:17 GMT+0530 (India Standard Time): GET /join/signUp
Thu Aug 23 2018 16:50:25 GMT+0530 (India Standard Time): POST /join/signUp
Thu Aug 23 2018 16:50:25 GMT+0530 (India Standard Time): GET /
Thu Aug 23 2018 16:52:40 GMT+0530 (India Standard Time): GET /join/signUp
Thu Aug 23 2018 16:52:47 GMT+0530 (India Standard Time): POST /join/signUp
Thu Aug 23 2018 16:52:47 GMT+0530 (India Standard Time): GET /
Thu Aug 23 2018 16:54:53 GMT+0530 (India Standard Time): GET /join/signUp
Thu Aug 23 2018 16:55:01 GMT+0530 (India Standard Time): POST /join/signUp
Thu Aug 23 2018 16:55:01 GMT+0530 (India Standard Time): GET /
Thu Aug 23 2018 16:56:06 GMT+0530 (India Standard Time): GET /iknd
Thu Aug 23 2018 16:56:15 GMT+0530 (India Standard Time): GET //sas
Thu Aug 23 2018 16:56:21 GMT+0530 (India Standard Time): GET /
Thu Aug 23 2018 17:08:22 GMT+0530 (India Standard Time): GET /404
Thu Aug 23 2018 17:08:25 GMT+0530 (India Standard Time): GET /
Thu Aug 23 2018 17:08:34 GMT+0530 (India Standard Time): GET /
Thu Aug 23 2018 17:08:50 GMT+0530 (India Standard Time): GET /kik
Thu Aug 23 2018 17:12:44 GMT+0530 (India Standard Time): GET /
Thu Aug 23 2018 17:12:47 GMT+0530 (India Standard Time): GET /ll
Thu Aug 23 2018 17:12:52 GMT+0530 (India Standard Time): GET /lokklk
Thu Aug 23 2018 17:12:59 GMT+0530 (India Standard Time): GET /
Thu Aug 23 2018 17:13:01 GMT+0530 (India Standard Time): GET /join/signUp
Thu Aug 23 2018 17:15:35 GMT+0530 (India Standard Time): GET /
Thu Aug 23 2018 17:15:37 GMT+0530 (India Standard Time): GET /
Thu Aug 23 2018 17:27:09 GMT+0530 (India Standard Time): GET /
Thu Aug 23 2018 17:27:13 GMT+0530 (India Standard Time): GET /asa
Thu Aug 23 2018 17:27:17 GMT+0530 (India Standard Time): GET /
Thu Aug 23 2018 17:27:19 GMT+0530 (India Standard Time): GET /join/signUp
Thu Aug 23 2018 17:27:26 GMT+0530 (India Standard Time): POST /join/signUp
Thu Aug 23 2018 17:27:26 GMT+0530 (India Standard Time): GET /
Thu Aug 23 2018 17:27:36 GMT+0530 (India Standard Time): POST /login
Thu Aug 23 2018 17:27:40 GMT+0530 (India Standard Time): GET /
Thu Aug 23 2018 17:27:44 GMT+0530 (India Standard Time): GET /lolkdk
Thu Aug 23 2018 17:31:23 GMT+0530 (India Standard Time): GET /
Thu Aug 23 2018 17:32:07 GMT+0530 (India Standard Time): GET /
Thu Aug 23 2018 17:32:13 GMT+0530 (India Standard Time): GET /join/signUp
Thu Aug 23 2018 17:32:13 GMT+0530 (India Standard Time): GET /join/signUp
Thu Aug 23 2018 17:32:31 GMT+0530 (India Standard Time): POST /join/signUp
Thu Aug 23 2018 17:32:31 GMT+0530 (India Standard Time): GET /
Thu Aug 23 2018 17:32:31 GMT+0530 (India Standard Time): POST /join/signUp
Thu Aug 23 2018 17:32:31 GMT+0530 (India Standard Time): GET /
Thu Aug 23 2018 18:21:02 GMT+0530 (India Standard Time): GET /join/signUp
Thu Aug 23 2018 18:21:18 GMT+0530 (India Standard Time): POST /join/signUp
Thu Aug 23 2018 18:21:19 GMT+0530 (India Standard Time): GET /
Thu Aug 23 2018 18:22:12 GMT+0530 (India Standard Time): GET /join/signUp
Thu Aug 23 2018 18:22:18 GMT+0530 (India Standard Time): POST /join/signUp
Thu Aug 23 2018 18:22:18 GMT+0530 (India Standard Time): GET /
Thu Aug 23 2018 18:24:16 GMT+0530 (India Standard Time): GET /join/signUp
Thu Aug 23 2018 18:24:20 GMT+0530 (India Standard Time): POST /join/signUp
Thu Aug 23 2018 18:24:20 GMT+0530 (India Standard Time): GET /
Thu Aug 23 2018 18:24:59 GMT+0530 (India Standard Time): GET /join/signUp
Thu Aug 23 2018 18:25:06 GMT+0530 (India Standard Time): POST /join/signUp
Thu Aug 23 2018 18:25:06 GMT+0530 (India Standard Time): GET /
Thu Aug 23 2018 18:34:53 GMT+0530 (India Standard Time): GET /join/signUp
Thu Aug 23 2018 18:34:57 GMT+0530 (India Standard Time): POST /join/signUp
Thu Aug 23 2018 18:36:22 GMT+0530 (India Standard Time): GET /
Thu Aug 23 2018 18:36:23 GMT+0530 (India Standard Time): GET /join/signUp
Thu Aug 23 2018 18:36:28 GMT+0530 (India Standard Time): POST /join/signUp
Thu Aug 23 2018 18:36:28 GMT+0530 (India Standard Time): GET /
Thu Aug 23 2018 18:37:24 GMT+0530 (India Standard Time): GET /join/signUp
Thu Aug 23 2018 18:37:29 GMT+0530 (India Standard Time): POST /join/signUp
Thu Aug 23 2018 18:37:29 GMT+0530 (India Standard Time): GET /
Thu Aug 23 2018 18:38:17 GMT+0530 (India Standard Time): GET /join/signUp
Thu Aug 23 2018 18:38:22 GMT+0530 (India Standard Time): POST /join/signUp
Thu Aug 23 2018 18:38:22 GMT+0530 (India Standard Time): GET /
Thu Aug 23 2018 18:47:03 GMT+0530 (India Standard Time): GET /join/signUp
Thu Aug 23 2018 18:47:09 GMT+0530 (India Standard Time): POST /join/signUp
Thu Aug 23 2018 18:47:09 GMT+0530 (India Standard Time): GET /
Thu Aug 23 2018 18:50:42 GMT+0530 (India Standard Time): GET /join/signUp
Thu Aug 23 2018 18:50:56 GMT+0530 (India Standard Time): GET /join/signUp
Thu Aug 23 2018 18:51:01 GMT+0530 (India Standard Time): POST /join/signUp
Thu Aug 23 2018 18:51:01 GMT+0530 (India Standard Time): GET /
Thu Aug 23 2018 18:52:12 GMT+0530 (India Standard Time): GET /join/signUp
Thu Aug 23 2018 18:52:16 GMT+0530 (India Standard Time): POST /join/signUp
Thu Aug 23 2018 18:52:16 GMT+0530 (India Standard Time): GET /
Thu Aug 23 2018 19:29:21 GMT+0530 (India Standard Time): GET /join/signUp
Thu Aug 23 2018 19:29:24 GMT+0530 (India Standard Time): POST /join/signUp
Thu Aug 23 2018 19:29:25 GMT+0530 (India Standard Time): GET /
Thu Aug 23 2018 19:31:09 GMT+0530 (India Standard Time): GET /join/signUp
Thu Aug 23 2018 19:31:13 GMT+0530 (India Standard Time): POST /join/signUp
Thu Aug 23 2018 19:31:13 GMT+0530 (India Standard Time): GET /
Fri Aug 24 2018 10:51:52 GMT+0530 (India Standard Time): GET /join/signUp
Fri Aug 24 2018 11:18:58 GMT+0530 (India Standard Time): GET /join/signUp
Fri Aug 24 2018 11:19:04 GMT+0530 (India Standard Time): POST /join/signUp
Fri Aug 24 2018 11:19:05 GMT+0530 (India Standard Time): GET /
Fri Aug 24 2018 11:24:54 GMT+0530 (India Standard Time): GET /join/signUp
Fri Aug 24 2018 11:24:58 GMT+0530 (India Standard Time): POST /join/signUp
Fri Aug 24 2018 12:25:38 GMT+0530 (India Standard Time): GET /
Fri Aug 24 2018 12:25:39 GMT+0530 (India Standard Time): GET /join/signUp
Fri Aug 24 2018 12:28:50 GMT+0530 (India Standard Time): GET /
Fri Aug 24 2018 12:28:52 GMT+0530 (India Standard Time): GET /join/signUp
Fri Aug 24 2018 12:31:42 GMT+0530 (India Standard Time): GET /
Fri Aug 24 2018 12:31:44 GMT+0530 (India Standard Time): GET /join/signUp
Fri Aug 24 2018 13:03:49 GMT+0530 (India Standard Time): GET /
Fri Aug 24 2018 13:03:52 GMT+0530 (India Standard Time): GET /join/signUp
Fri Aug 24 2018 13:04:33 GMT+0530 (India Standard Time): GET /
Fri Aug 24 2018 13:04:35 GMT+0530 (India Standard Time): GET /join/signUp
Fri Aug 24 2018 13:08:54 GMT+0530 (India Standard Time): GET /
Fri Aug 24 2018 13:08:56 GMT+0530 (India Standard Time): GET /join/signUp
Fri Aug 24 2018 13:09:02 GMT+0530 (India Standard Time): POST /join/signUp
Fri Aug 24 2018 13:09:02 GMT+0530 (India Standard Time): GET /
Fri Aug 24 2018 13:10:52 GMT+0530 (India Standard Time): GET /join/signUp
Fri Aug 24 2018 13:10:57 GMT+0530 (India Standard Time): POST /join/signUp
Fri Aug 24 2018 13:10:57 GMT+0530 (India Standard Time): GET /
Fri Aug 24 2018 13:12:26 GMT+0530 (India Standard Time): GET /join/signUp
Fri Aug 24 2018 13:12:29 GMT+0530 (India Standard Time): POST /join/signUp
Fri Aug 24 2018 13:12:30 GMT+0530 (India Standard Time): GET /
Fri Aug 24 2018 14:09:57 GMT+0530 (India Standard Time): GET /join/signUp
Fri Aug 24 2018 14:10:00 GMT+0530 (India Standard Time): POST /join/signUp
Fri Aug 24 2018 14:10:00 GMT+0530 (India Standard Time): GET /
Fri Aug 24 2018 14:10:08 GMT+0530 (India Standard Time): GET /join/signUp
Fri Aug 24 2018 14:10:11 GMT+0530 (India Standard Time): POST /join/signUp
Fri Aug 24 2018 14:31:26 GMT+0530 (India Standard Time): GET /
Fri Aug 24 2018 14:31:28 GMT+0530 (India Standard Time): GET /join/signUp
Fri Aug 24 2018 14:31:34 GMT+0530 (India Standard Time): POST /join/signUp
Fri Aug 24 2018 14:31:34 GMT+0530 (India Standard Time): GET /
Fri Aug 24 2018 14:41:48 GMT+0530 (India Standard Time): GET /join/signUp
Fri Aug 24 2018 14:41:57 GMT+0530 (India Standard Time): POST /join/signUp
Fri Aug 24 2018 14:41:57 GMT+0530 (India Standard Time): GET /
Fri Aug 24 2018 14:42:01 GMT+0530 (India Standard Time): GET /join/signUp
Fri Aug 24 2018 14:42:13 GMT+0530 (India Standard Time): POST /join/signUp
Fri Aug 24 2018 14:43:07 GMT+0530 (India Standard Time): GET /
Fri Aug 24 2018 14:43:10 GMT+0530 (India Standard Time): GET /join/signUp
Fri Aug 24 2018 14:43:16 GMT+0530 (India Standard Time): POST /join/signUp
Fri Aug 24 2018 14:43:16 GMT+0530 (India Standard Time): GET /
Fri Aug 24 2018 14:58:41 GMT+0530 (India Standard Time): GET /join/signUp
Fri Aug 24 2018 14:58:48 GMT+0530 (India Standard Time): POST /join/signUp
Fri Aug 24 2018 14:58:48 GMT+0530 (India Standard Time): GET /
Fri Aug 24 2018 15:00:24 GMT+0530 (India Standard Time): GET /join/signUp
Fri Aug 24 2018 15:00:30 GMT+0530 (India Standard Time): POST /join/signUp
Fri Aug 24 2018 15:00:30 GMT+0530 (India Standard Time): GET /
Fri Aug 24 2018 15:01:01 GMT+0530 (India Standard Time): GET /join/signUp
Fri Aug 24 2018 15:01:07 GMT+0530 (India Standard Time): POST /join/signUp
Fri Aug 24 2018 15:01:07 GMT+0530 (India Standard Time): GET /
Fri Aug 24 2018 15:02:56 GMT+0530 (India Standard Time): GET /join/signUp
Fri Aug 24 2018 15:03:01 GMT+0530 (India Standard Time): POST /join/signUp
Fri Aug 24 2018 15:03:01 GMT+0530 (India Standard Time): GET /
Fri Aug 24 2018 15:03:31 GMT+0530 (India Standard Time): GET /join/signUp
Fri Aug 24 2018 15:03:35 GMT+0530 (India Standard Time): POST /join/signUp
Fri Aug 24 2018 15:03:35 GMT+0530 (India Standard Time): GET /
Fri Aug 24 2018 15:11:57 GMT+0530 (India Standard Time): GET /join/signUp
Fri Aug 24 2018 15:12:03 GMT+0530 (India Standard Time): POST /join/signUp
Fri Aug 24 2018 15:12:03 GMT+0530 (India Standard Time): GET /
Fri Aug 24 2018 16:39:01 GMT+0530 (India Standard Time): GET /
Fri Aug 24 2018 16:39:04 GMT+0530 (India Standard Time): GET /join/signUp
Fri Aug 24 2018 16:42:37 GMT+0530 (India Standard Time): GET /
Fri Aug 24 2018 16:42:39 GMT+0530 (India Standard Time): GET /join/signUp
Fri Aug 24 2018 16:43:15 GMT+0530 (India Standard Time): GET /
Fri Aug 24 2018 16:43:17 GMT+0530 (India Standard Time): GET /join/signUp
Fri Aug 24 2018 16:44:01 GMT+0530 (India Standard Time): GET /
Fri Aug 24 2018 16:44:04 GMT+0530 (India Standard Time): GET /join/signUp
Fri Aug 24 2018 16:44:39 GMT+0530 (India Standard Time): GET /
Fri Aug 24 2018 16:44:41 GMT+0530 (India Standard Time): GET /join/signUp
Fri Aug 24 2018 16:44:47 GMT+0530 (India Standard Time): POST /join/signUp
Fri Aug 24 2018 16:44:47 GMT+0530 (India Standard Time): GET /
Fri Aug 24 2018 16:47:02 GMT+0530 (India Standard Time): GET /join/signUp
Fri Aug 24 2018 16:47:07 GMT+0530 (India Standard Time): POST /join/signUp
Fri Aug 24 2018 16:47:07 GMT+0530 (India Standard Time): GET /
Fri Aug 24 2018 16:47:11 GMT+0530 (India Standard Time): GET /join/signUp
Fri Aug 24 2018 16:47:16 GMT+0530 (India Standard Time): POST /join/signUp
Fri Aug 24 2018 16:47:21 GMT+0530 (India Standard Time): POST /join/signUp
Fri Aug 24 2018 16:47:31 GMT+0530 (India Standard Time): POST /join/signUp
Fri Aug 24 2018 16:47:36 GMT+0530 (India Standard Time): POST /join/signUp
Fri Aug 24 2018 16:48:57 GMT+0530 (India Standard Time): GET /
Fri Aug 24 2018 16:48:59 GMT+0530 (India Standard Time): GET /join/signUp
Fri Aug 24 2018 16:49:05 GMT+0530 (India Standard Time): POST /join/signUp
Fri Aug 24 2018 16:49:05 GMT+0530 (India Standard Time): GET /
Fri Aug 24 2018 16:49:11 GMT+0530 (India Standard Time): GET /join/signUp
Fri Aug 24 2018 16:49:16 GMT+0530 (India Standard Time): POST /join/signUp
Fri Aug 24 2018 16:49:16 GMT+0530 (India Standard Time): GET /
Fri Aug 24 2018 16:59:49 GMT+0530 (India Standard Time): GET /join/signUp
Fri Aug 24 2018 17:00:01 GMT+0530 (India Standard Time): POST /join/signUp
Fri Aug 24 2018 17:00:01 GMT+0530 (India Standard Time): GET /
Fri Aug 24 2018 17:00:32 GMT+0530 (India Standard Time): GET /join/signUp
Fri Aug 24 2018 17:00:39 GMT+0530 (India Standard Time): POST /join/signUp
Fri Aug 24 2018 17:00:44 GMT+0530 (India Standard Time): POST /join/signUp
Fri Aug 24 2018 17:00:51 GMT+0530 (India Standard Time): GET /
Fri Aug 24 2018 17:01:46 GMT+0530 (India Standard Time): GET /join/signUp
Fri Aug 24 2018 17:03:00 GMT+0530 (India Standard Time): GET /
Fri Aug 24 2018 17:03:02 GMT+0530 (India Standard Time): GET /join/signUp
Fri Aug 24 2018 17:03:27 GMT+0530 (India Standard Time): GET /
Fri Aug 24 2018 17:03:29 GMT+0530 (India Standard Time): GET /join/signUp
Fri Aug 24 2018 17:04:44 GMT+0530 (India Standard Time): GET /
Fri Aug 24 2018 17:04:45 GMT+0530 (India Standard Time): GET /join/signUp
Fri Aug 24 2018 17:43:27 GMT+0530 (India Standard Time): GET /
Fri Aug 24 2018 17:43:28 GMT+0530 (India Standard Time): GET /join/signUp
Fri Aug 24 2018 17:43:34 GMT+0530 (India Standard Time): POST /join/signUp
Fri Aug 24 2018 17:43:53 GMT+0530 (India Standard Time): GET /
Fri Aug 24 2018 17:43:55 GMT+0530 (India Standard Time): GET /join/signUp
Fri Aug 24 2018 17:44:02 GMT+0530 (India Standard Time): POST /join/signUp
Fri Aug 24 2018 17:44:02 GMT+0530 (India Standard Time): GET /
Fri Aug 24 2018 17:44:04 GMT+0530 (India Standard Time): GET /join/signUp
Fri Aug 24 2018 17:44:11 GMT+0530 (India Standard Time): POST /join/signUp
Fri Aug 24 2018 17:44:15 GMT+0530 (India Standard Time): GET /
Fri Aug 24 2018 17:44:46 GMT+0530 (India Standard Time): GET /join/signUp
Fri Aug 24 2018 17:44:56 GMT+0530 (India Standard Time): POST /join/signUp
Fri Aug 24 2018 17:45:01 GMT+0530 (India Standard Time): POST /join/signUp
Fri Aug 24 2018 17:45:09 GMT+0530 (India Standard Time): GET /
Fri Aug 24 2018 17:45:11 GMT+0530 (India Standard Time): GET /join/signUp
Fri Aug 24 2018 17:47:10 GMT+0530 (India Standard Time): GET /
Fri Aug 24 2018 17:47:12 GMT+0530 (India Standard Time): GET /join/signUp
Fri Aug 24 2018 17:47:19 GMT+0530 (India Standard Time): POST /join/signUp
Fri Aug 24 2018 17:47:24 GMT+0530 (India Standard Time): POST /join/signUp
Fri Aug 24 2018 17:47:42 GMT+0530 (India Standard Time): GET /
Fri Aug 24 2018 17:47:44 GMT+0530 (India Standard Time): GET /join/signUp
Fri Aug 24 2018 17:47:51 GMT+0530 (India Standard Time): POST /join/signUp
Fri Aug 24 2018 17:47:56 GMT+0530 (India Standard Time): POST /join/signUp
Fri Aug 24 2018 17:48:47 GMT+0530 (India Standard Time): GET /
Fri Aug 24 2018 17:48:49 GMT+0530 (India Standard Time): GET /join/signUp
Fri Aug 24 2018 17:48:55 GMT+0530 (India Standard Time): POST /join/signUp
Fri Aug 24 2018 17:49:00 GMT+0530 (India Standard Time): POST /join/signUp
Fri Aug 24 2018 17:49:58 GMT+0530 (India Standard Time): GET /
Fri Aug 24 2018 17:50:00 GMT+0530 (India Standard Time): GET /join/signUp
Fri Aug 24 2018 17:50:07 GMT+0530 (India Standard Time): POST /join/signUp
Fri Aug 24 2018 17:50:12 GMT+0530 (India Standard Time): POST /join/signUp
Fri Aug 24 2018 17:55:14 GMT+0530 (India Standard Time): GET /
Fri Aug 24 2018 17:55:17 GMT+0530 (India Standard Time): GET /join/signUp
Fri Aug 24 2018 17:55:24 GMT+0530 (India Standard Time): POST /join/signUp
Fri Aug 24 2018 17:55:41 GMT+0530 (India Standard Time): GET /
Fri Aug 24 2018 17:55:43 GMT+0530 (India Standard Time): GET /join/signUp
Fri Aug 24 2018 17:55:49 GMT+0530 (India Standard Time): POST /join/signUp
Fri Aug 24 2018 17:57:20 GMT+0530 (India Standard Time): GET /
Fri Aug 24 2018 17:57:22 GMT+0530 (India Standard Time): GET /join/signUp
Fri Aug 24 2018 18:00:53 GMT+0530 (India Standard Time): GET /
Fri Aug 24 2018 18:00:55 GMT+0530 (India Standard Time): GET /join/signUp
Fri Aug 24 2018 18:08:02 GMT+0530 (India Standard Time): GET /
Fri Aug 24 2018 18:08:05 GMT+0530 (India Standard Time): GET /join/signUp
Fri Aug 24 2018 18:08:13 GMT+0530 (India Standard Time): POST /join/signUp
Fri Aug 24 2018 18:12:49 GMT+0530 (India Standard Time): GET /
Fri Aug 24 2018 18:12:51 GMT+0530 (India Standard Time): GET /join/signUp
Fri Aug 24 2018 18:12:59 GMT+0530 (India Standard Time): POST /join/signUp
Fri Aug 24 2018 18:13:01 GMT+0530 (India Standard Time): GET /join/signUp
Fri Aug 24 2018 18:13:09 GMT+0530 (India Standard Time): POST /join/signUp
Fri Aug 24 2018 18:13:52 GMT+0530 (India Standard Time): GET /join/signUp
Fri Aug 24 2018 18:13:59 GMT+0530 (India Standard Time): POST /join/signUp
Fri Aug 24 2018 18:14:52 GMT+0530 (India Standard Time): GET /join/signUp
Fri Aug 24 2018 18:15:01 GMT+0530 (India Standard Time): POST /join/signUp
Fri Aug 24 2018 18:15:08 GMT+0530 (India Standard Time): GET /join/signUp
Fri Aug 24 2018 18:15:14 GMT+0530 (India Standard Time): POST /join/signUp
Fri Aug 24 2018 18:20:36 GMT+0530 (India Standard Time): GET /join/signUp
Fri Aug 24 2018 18:20:43 GMT+0530 (India Standard Time): POST /join/signUp
Fri Aug 24 2018 18:20:44 GMT+0530 (India Standard Time): GET /join/signUp
Fri Aug 24 2018 18:20:52 GMT+0530 (India Standard Time): POST /join/signUp
Fri Aug 24 2018 18:21:51 GMT+0530 (India Standard Time): GET /join/signUp
Fri Aug 24 2018 18:21:57 GMT+0530 (India Standard Time): POST /join/signUp
Fri Aug 24 2018 18:21:59 GMT+0530 (India Standard Time): GET /join/signUp
Fri Aug 24 2018 18:22:05 GMT+0530 (India Standard Time): POST /join/signUp
Mon Aug 27 2018 10:54:35 GMT+0530 (India Standard Time): GET /
Mon Aug 27 2018 10:54:40 GMT+0530 (India Standard Time): GET /join/signUp
Mon Aug 27 2018 10:54:46 GMT+0530 (India Standard Time): POST /join/signUp
Mon Aug 27 2018 10:54:49 GMT+0530 (India Standard Time): GET /join/signUp
Mon Aug 27 2018 10:54:49 GMT+0530 (India Standard Time): GET /favicon.ico
Mon Aug 27 2018 10:58:01 GMT+0530 (India Standard Time): GET /
Mon Aug 27 2018 10:58:03 GMT+0530 (India Standard Time): GET /join/signUp
Mon Aug 27 2018 10:59:19 GMT+0530 (India Standard Time): GET /
Mon Aug 27 2018 10:59:21 GMT+0530 (India Standard Time): GET /join/signUp
Mon Aug 27 2018 11:00:00 GMT+0530 (India Standard Time): GET /
Mon Aug 27 2018 11:00:02 GMT+0530 (India Standard Time): GET /join/signUp
Mon Aug 27 2018 11:01:10 GMT+0530 (India Standard Time): GET /
Mon Aug 27 2018 11:01:12 GMT+0530 (India Standard Time): GET /join/signUp
Mon Aug 27 2018 11:05:06 GMT+0530 (India Standard Time): GET /
Mon Aug 27 2018 11:05:09 GMT+0530 (India Standard Time): GET /join/signUp
Mon Aug 27 2018 11:32:22 GMT+0530 (India Standard Time): GET /
Mon Aug 27 2018 11:32:24 GMT+0530 (India Standard Time): GET /join/signUp
Mon Aug 27 2018 11:35:57 GMT+0530 (India Standard Time): GET /
Mon Aug 27 2018 11:35:59 GMT+0530 (India Standard Time): GET /join/signUp
Mon Aug 27 2018 11:37:56 GMT+0530 (India Standard Time): GET /
Mon Aug 27 2018 11:37:59 GMT+0530 (India Standard Time): GET /join/signUp
Mon Aug 27 2018 11:39:19 GMT+0530 (India Standard Time): GET /
Mon Aug 27 2018 11:39:21 GMT+0530 (India Standard Time): GET /join/signUp
Mon Aug 27 2018 11:40:37 GMT+0530 (India Standard Time): GET /
Mon Aug 27 2018 11:40:38 GMT+0530 (India Standard Time): GET /join/signUp
Mon Aug 27 2018 11:41:55 GMT+0530 (India Standard Time): GET /
Mon Aug 27 2018 11:41:57 GMT+0530 (India Standard Time): GET /join/signUp
Mon Aug 27 2018 11:42:54 GMT+0530 (India Standard Time): GET /
Mon Aug 27 2018 11:42:56 GMT+0530 (India Standard Time): GET /join/signUp
Mon Aug 27 2018 11:52:07 GMT+0530 (India Standard Time): GET /
Mon Aug 27 2018 11:52:09 GMT+0530 (India Standard Time): GET /join/signUp
Mon Aug 27 2018 11:53:45 GMT+0530 (India Standard Time): GET /
Mon Aug 27 2018 11:53:48 GMT+0530 (India Standard Time): GET /join/signUp
Mon Aug 27 2018 11:57:22 GMT+0530 (India Standard Time): GET /
Mon Aug 27 2018 11:57:24 GMT+0530 (India Standard Time): GET /join/signUp
Mon Aug 27 2018 11:57:29 GMT+0530 (India Standard Time): POST /join/signUp
Mon Aug 27 2018 11:58:22 GMT+0530 (India Standard Time): GET /join/signUp
Mon Aug 27 2018 11:58:29 GMT+0530 (India Standard Time): POST /join/signUp
Mon Aug 27 2018 12:04:09 GMT+0530 (India Standard Time): GET /
Mon Aug 27 2018 12:04:11 GMT+0530 (India Standard Time): GET /join/signUp
Mon Aug 27 2018 12:04:31 GMT+0530 (India Standard Time): GET /
Mon Aug 27 2018 12:04:33 GMT+0530 (India Standard Time): GET /join/signUp
Mon Aug 27 2018 12:06:50 GMT+0530 (India Standard Time): GET /
Mon Aug 27 2018 12:06:52 GMT+0530 (India Standard Time): GET /join/signUp
Mon Aug 27 2018 12:07:36 GMT+0530 (India Standard Time): GET /
Mon Aug 27 2018 12:07:38 GMT+0530 (India Standard Time): GET /join/signUp
Mon Aug 27 2018 12:09:10 GMT+0530 (India Standard Time): GET /
Mon Aug 27 2018 12:09:11 GMT+0530 (India Standard Time): GET /join/signUp
Mon Aug 27 2018 12:31:44 GMT+0530 (India Standard Time): POST /join/signUp
Mon Aug 27 2018 12:31:49 GMT+0530 (India Standard Time): GET /join/signUp
Mon Aug 27 2018 12:31:57 GMT+0530 (India Standard Time): POST /join/signUp
Mon Aug 27 2018 12:32:19 GMT+0530 (India Standard Time): GET /join/signUp
Mon Aug 27 2018 12:32:28 GMT+0530 (India Standard Time): POST /join/signUp
Mon Aug 27 2018 12:32:47 GMT+0530 (India Standard Time): GET /join/signUp
Mon Aug 27 2018 12:32:53 GMT+0530 (India Standard Time): POST /join/signUp
Mon Aug 27 2018 12:40:51 GMT+0530 (India Standard Time): GET /join/signUp
Mon Aug 27 2018 12:40:58 GMT+0530 (India Standard Time): POST /join/signUp
Mon Aug 27 2018 12:41:11 GMT+0530 (India Standard Time): GET /
Mon Aug 27 2018 12:41:15 GMT+0530 (India Standard Time): GET /join/signUp
Mon Aug 27 2018 12:41:22 GMT+0530 (India Standard Time): POST /join/signUp
Mon Aug 27 2018 12:41:34 GMT+0530 (India Standard Time): GET /join/signUp
Mon Aug 27 2018 12:41:40 GMT+0530 (India Standard Time): POST /join/signUp
Mon Aug 27 2018 12:42:18 GMT+0530 (India Standard Time): GET /join/signUp
Mon Aug 27 2018 12:42:26 GMT+0530 (India Standard Time): POST /join/signUp
Mon Aug 27 2018 12:43:32 GMT+0530 (India Standard Time): GET /join/signUp
Mon Aug 27 2018 12:43:44 GMT+0530 (India Standard Time): POST /join/signUp
Mon Aug 27 2018 12:43:45 GMT+0530 (India Standard Time): GET /join/signUp
Mon Aug 27 2018 12:43:52 GMT+0530 (India Standard Time): POST /join/signUp
Mon Aug 27 2018 12:44:02 GMT+0530 (India Standard Time): GET /join/signUp
Mon Aug 27 2018 12:44:08 GMT+0530 (India Standard Time): POST /join/signUp
Mon Aug 27 2018 12:45:45 GMT+0530 (India Standard Time): GET /
Mon Aug 27 2018 12:45:47 GMT+0530 (India Standard Time): GET /join/signUp
Mon Aug 27 2018 12:46:05 GMT+0530 (India Standard Time): GET /
Mon Aug 27 2018 12:46:07 GMT+0530 (India Standard Time): GET /join/signUp
Mon Aug 27 2018 12:46:13 GMT+0530 (India Standard Time): POST /join/signUp
Mon Aug 27 2018 12:46:17 GMT+0530 (India Standard Time): GET /join/signUp
Mon Aug 27 2018 12:46:33 GMT+0530 (India Standard Time): POST /join/signUp
Mon Aug 27 2018 12:49:58 GMT+0530 (India Standard Time): GET /
Mon Aug 27 2018 12:50:00 GMT+0530 (India Standard Time): GET /join/signUp
Mon Aug 27 2018 12:50:09 GMT+0530 (India Standard Time): POST /join/signUp
Mon Aug 27 2018 13:05:59 GMT+0530 (India Standard Time): GET /
Mon Aug 27 2018 13:06:01 GMT+0530 (India Standard Time): GET /join/signUp
Mon Aug 27 2018 13:07:27 GMT+0530 (India Standard Time): GET /
Mon Aug 27 2018 13:07:29 GMT+0530 (India Standard Time): GET /join/signUp
Mon Aug 27 2018 13:08:28 GMT+0530 (India Standard Time): GET /
Mon Aug 27 2018 13:08:29 GMT+0530 (India Standard Time): GET /join/signUp
Mon Aug 27 2018 14:27:45 GMT+0530 (India Standard Time): GET /
Mon Aug 27 2018 14:27:47 GMT+0530 (India Standard Time): GET /join/signUp
Mon Aug 27 2018 14:27:54 GMT+0530 (India Standard Time): POST /join/signUp
Mon Aug 27 2018 14:27:54 GMT+0530 (India Standard Time): GET /
Mon Aug 27 2018 14:28:27 GMT+0530 (India Standard Time): GET /join/signUp
Mon Aug 27 2018 14:28:34 GMT+0530 (India Standard Time): POST /join/signUp
Mon Aug 27 2018 14:28:34 GMT+0530 (India Standard Time): GET /
Mon Aug 27 2018 14:29:35 GMT+0530 (India Standard Time): GET /join/signUp
Mon Aug 27 2018 14:29:41 GMT+0530 (India Standard Time): POST /join/signUp
Mon Aug 27 2018 14:29:41 GMT+0530 (India Standard Time): GET /
Mon Aug 27 2018 14:30:14 GMT+0530 (India Standard Time): GET /join/signUp
Mon Aug 27 2018 14:30:21 GMT+0530 (India Standard Time): POST /join/signUp
Mon Aug 27 2018 14:30:21 GMT+0530 (India Standard Time): GET /
Mon Aug 27 2018 14:30:26 GMT+0530 (India Standard Time): GET /join/signUp
Mon Aug 27 2018 14:30:31 GMT+0530 (India Standard Time): POST /join/signUp
Mon Aug 27 2018 14:30:31 GMT+0530 (India Standard Time): GET /signUp
Mon Aug 27 2018 14:32:23 GMT+0530 (India Standard Time): GET /
Mon Aug 27 2018 14:32:25 GMT+0530 (India Standard Time): GET /join/signUp
Mon Aug 27 2018 14:32:32 GMT+0530 (India Standard Time): POST /join/signUp
Mon Aug 27 2018 14:32:32 GMT+0530 (India Standard Time): GET /
Mon Aug 27 2018 14:32:43 GMT+0530 (India Standard Time): GET /join/signUp
Mon Aug 27 2018 14:32:52 GMT+0530 (India Standard Time): POST /join/signUp
Mon Aug 27 2018 14:33:41 GMT+0530 (India Standard Time): GET /
Mon Aug 27 2018 14:33:44 GMT+0530 (India Standard Time): GET /join/signUp
Mon Aug 27 2018 14:33:52 GMT+0530 (India Standard Time): POST /join/signUp
Mon Aug 27 2018 14:33:52 GMT+0530 (India Standard Time): GET /
Mon Aug 27 2018 14:38:52 GMT+0530 (India Standard Time): GET /join/signUp
Mon Aug 27 2018 14:38:59 GMT+0530 (India Standard Time): POST /join/signUp
Mon Aug 27 2018 14:39:10 GMT+0530 (India Standard Time): POST /join/signUp
Mon Aug 27 2018 14:41:33 GMT+0530 (India Standard Time): GET /
Mon Aug 27 2018 14:41:35 GMT+0530 (India Standard Time): GET /join/signUp
Mon Aug 27 2018 14:41:41 GMT+0530 (India Standard Time): POST /join/signUp
Mon Aug 27 2018 14:41:41 GMT+0530 (India Standard Time): GET /
Mon Aug 27 2018 14:41:43 GMT+0530 (India Standard Time): GET /join/signUp
Mon Aug 27 2018 14:41:51 GMT+0530 (India Standard Time): POST /join/signUp
Mon Aug 27 2018 14:42:18 GMT+0530 (India Standard Time): POST /join/signUp
Mon Aug 27 2018 14:42:24 GMT+0530 (India Standard Time): POST /join/signUp
Mon Aug 27 2018 14:42:37 GMT+0530 (India Standard Time): POST /join/signUp
Mon Aug 27 2018 14:42:46 GMT+0530 (India Standard Time): POST /join/signUp
Mon Aug 27 2018 14:44:36 GMT+0530 (India Standard Time): GET /
Mon Aug 27 2018 14:44:37 GMT+0530 (India Standard Time): GET /join/signUp
Mon Aug 27 2018 14:44:44 GMT+0530 (India Standard Time): POST /join/signUp
Mon Aug 27 2018 14:44:44 GMT+0530 (India Standard Time): GET /
Mon Aug 27 2018 14:44:55 GMT+0530 (India Standard Time): GET /join/signUp
Mon Aug 27 2018 14:45:01 GMT+0530 (India Standard Time): POST /join/signUp
Mon Aug 27 2018 14:45:01 GMT+0530 (India Standard Time): GET /
Mon Aug 27 2018 14:45:03 GMT+0530 (India Standard Time): GET /join/signUp
Mon Aug 27 2018 14:45:10 GMT+0530 (India Standard Time): POST /join/signUp
Mon Aug 27 2018 14:45:10 GMT+0530 (India Standard Time): GET /join/signUp
Mon Aug 27 2018 14:45:18 GMT+0530 (India Standard Time): POST /join/signUp
Mon Aug 27 2018 14:45:18 GMT+0530 (India Standard Time): GET /join/signUp
Mon Aug 27 2018 14:45:26 GMT+0530 (India Standard Time): POST /join/signUp
Mon Aug 27 2018 14:45:26 GMT+0530 (India Standard Time): GET /join/signUp
Mon Aug 27 2018 14:45:51 GMT+0530 (India Standard Time): GET /
Mon Aug 27 2018 14:45:54 GMT+0530 (India Standard Time): GET /join/signUp
Mon Aug 27 2018 14:46:00 GMT+0530 (India Standard Time): POST /join/signUp
Mon Aug 27 2018 14:46:00 GMT+0530 (India Standard Time): GET /
Mon Aug 27 2018 14:46:02 GMT+0530 (India Standard Time): GET /join/signUp
Mon Aug 27 2018 14:46:08 GMT+0530 (India Standard Time): POST /join/signUp
Mon Aug 27 2018 14:46:08 GMT+0530 (India Standard Time): GET /join/signUp
Mon Aug 27 2018 14:46:15 GMT+0530 (India Standard Time): POST /join/signUp
Mon Aug 27 2018 14:46:15 GMT+0530 (India Standard Time): GET /join/signUp
Mon Aug 27 2018 14:46:21 GMT+0530 (India Standard Time): POST /join/signUp
Mon Aug 27 2018 14:46:21 GMT+0530 (India Standard Time): GET /join/signUp
Mon Aug 27 2018 14:48:23 GMT+0530 (India Standard Time): POST /join/signUp
Mon Aug 27 2018 14:48:23 GMT+0530 (India Standard Time): GET /
Mon Aug 27 2018 14:48:24 GMT+0530 (India Standard Time): GET /join/signUp
Mon Aug 27 2018 14:48:32 GMT+0530 (India Standard Time): POST /join/signUp
Mon Aug 27 2018 14:48:32 GMT+0530 (India Standard Time): GET /join/signUp
Mon Aug 27 2018 14:48:39 GMT+0530 (India Standard Time): POST /join/signUp
Mon Aug 27 2018 14:48:39 GMT+0530 (India Standard Time): GET /join/signUp
Mon Aug 27 2018 14:48:45 GMT+0530 (India Standard Time): POST /join/signUp
Mon Aug 27 2018 14:48:45 GMT+0530 (India Standard Time): GET /join/signUp
Mon Aug 27 2018 14:50:39 GMT+0530 (India Standard Time): GET /
Mon Aug 27 2018 14:50:41 GMT+0530 (India Standard Time): GET /join/signUp
Mon Aug 27 2018 14:50:51 GMT+0530 (India Standard Time): POST /join/signUp
Mon Aug 27 2018 14:50:51 GMT+0530 (India Standard Time): GET /
Mon Aug 27 2018 14:50:53 GMT+0530 (India Standard Time): GET /join/signUp
Mon Aug 27 2018 14:50:59 GMT+0530 (India Standard Time): POST /join/signUp
Mon Aug 27 2018 14:50:59 GMT+0530 (India Standard Time): GET /join/signUp
Mon Aug 27 2018 14:51:07 GMT+0530 (India Standard Time): POST /join/signUp
Mon Aug 27 2018 14:51:07 GMT+0530 (India Standard Time): GET /join/signUp
Mon Aug 27 2018 14:51:13 GMT+0530 (India Standard Time): POST /join/signUp
Mon Aug 27 2018 14:51:13 GMT+0530 (India Standard Time): GET /
Mon Aug 27 2018 14:52:21 GMT+0530 (India Standard Time): GET /join/signUp
Mon Aug 27 2018 14:52:27 GMT+0530 (India Standard Time): POST /join/signUp
Mon Aug 27 2018 14:52:34 GMT+0530 (India Standard Time): POST /join/signUp
Mon Aug 27 2018 14:52:34 GMT+0530 (India Standard Time): GET /join/signUp
Mon Aug 27 2018 14:53:45 GMT+0530 (India Standard Time): GET /
Mon Aug 27 2018 14:53:48 GMT+0530 (India Standard Time): GET /join/signUp
Mon Aug 27 2018 14:53:53 GMT+0530 (India Standard Time): POST /join/signUp
Mon Aug 27 2018 14:54:00 GMT+0530 (India Standard Time): POST /
Mon Aug 27 2018 14:54:19 GMT+0530 (India Standard Time): GET /
Mon Aug 27 2018 14:54:26 GMT+0530 (India Standard Time): GET /join/signUp
Mon Aug 27 2018 14:54:32 GMT+0530 (India Standard Time): POST /join/signUp
Mon Aug 27 2018 14:54:32 GMT+0530 (India Standard Time): GET /join/signUp
Mon Aug 27 2018 14:55:01 GMT+0530 (India Standard Time): POST /join/signUp
Mon Aug 27 2018 14:55:01 GMT+0530 (India Standard Time): GET /join/signUp
Mon Aug 27 2018 14:55:09 GMT+0530 (India Standard Time): POST /join/signUp
Mon Aug 27 2018 14:56:52 GMT+0530 (India Standard Time): GET /
Mon Aug 27 2018 14:56:54 GMT+0530 (India Standard Time): GET /join/signUp
Mon Aug 27 2018 14:57:00 GMT+0530 (India Standard Time): POST /join/signUp
Mon Aug 27 2018 14:57:08 GMT+0530 (India Standard Time): POST /login
Mon Aug 27 2018 15:02:22 GMT+0530 (India Standard Time): GET /
Mon Aug 27 2018 15:02:24 GMT+0530 (India Standard Time): GET /join/signUp
Mon Aug 27 2018 15:02:40 GMT+0530 (India Standard Time): POST /join/signUp
Mon Aug 27 2018 15:02:48 GMT+0530 (India Standard Time): POST /
Mon Aug 27 2018 15:03:47 GMT+0530 (India Standard Time): GET /
Mon Aug 27 2018 15:03:49 GMT+0530 (India Standard Time): GET /join/signUp
Mon Aug 27 2018 15:03:55 GMT+0530 (India Standard Time): POST /join/signUp
Mon Aug 27 2018 15:04:03 GMT+0530 (India Standard Time): GET /?username=oklp&password=++&confpassword=
Mon Aug 27 2018 15:11:15 GMT+0530 (India Standard Time): GET /join/signUp
Mon Aug 27 2018 15:11:23 GMT+0530 (India Standard Time): POST /join/signUp
Mon Aug 27 2018 15:11:23 GMT+0530 (India Standard Time): GET /join/signUp
Mon Aug 27 2018 15:11:30 GMT+0530 (India Standard Time): POST /join/signUp
Mon Aug 27 2018 15:11:30 GMT+0530 (India Standard Time): GET /join/signUp
Mon Aug 27 2018 15:12:12 GMT+0530 (India Standard Time): POST /join/signUp
Mon Aug 27 2018 15:12:25 GMT+0530 (India Standard Time): GET /?username=kmlllll&password=mm&confpassword=
Mon Aug 27 2018 15:14:44 GMT+0530 (India Standard Time): GET /
Mon Aug 27 2018 15:22:39 GMT+0530 (India Standard Time): GET /join/signUp
Mon Aug 27 2018 15:22:44 GMT+0530 (India Standard Time): POST /join/signUp
Mon Aug 27 2018 15:22:51 GMT+0530 (India Standard Time): POST /login.hbs
Mon Aug 27 2018 15:24:34 GMT+0530 (India Standard Time): GET /
Mon Aug 27 2018 15:24:36 GMT+0530 (India Standard Time): GET /join/signUp
Mon Aug 27 2018 15:24:41 GMT+0530 (India Standard Time): POST /join/signUp
Mon Aug 27 2018 15:24:48 GMT+0530 (India Standard Time): POST /login
Mon Aug 27 2018 15:24:59 GMT+0530 (India Standard Time): GET /
Mon Aug 27 2018 15:25:01 GMT+0530 (India Standard Time): GET /join/signUp
Mon Aug 27 2018 15:25:07 GMT+0530 (India Standard Time): POST /join/signUp
Mon Aug 27 2018 15:25:07 GMT+0530 (India Standard Time): GET /join/signUp
Mon Aug 27 2018 15:25:33 GMT+0530 (India Standard Time): POST /join/signUp
Mon Aug 27 2018 15:25:33 GMT+0530 (India Standard Time): GET /join/signUp
Mon Aug 27 2018 15:25:42 GMT+0530 (India Standard Time): POST /join/signUp
Mon Aug 27 2018 15:35:00 GMT+0530 (India Standard Time): POST /
Mon Aug 27 2018 17:08:42 GMT+0530 (India Standard Time): GET /
Mon Aug 27 2018 17:08:44 GMT+0530 (India Standard Time): GET /join/signUp
Mon Aug 27 2018 17:08:49 GMT+0530 (India Standard Time): POST /join/signUp
Mon Aug 27 2018 17:08:49 GMT+0530 (India Standard Time): GET /
Mon Aug 27 2018 17:08:52 GMT+0530 (India Standard Time): GET /join/signUp
Mon Aug 27 2018 17:09:01 GMT+0530 (India Standard Time): POST /join/signUp
Mon Aug 27 2018 17:09:01 GMT+0530 (India Standard Time): GET /join/signUp
Mon Aug 27 2018 17:09:48 GMT+0530 (India Standard Time): POST /join/signUp
Mon Aug 27 2018 17:09:48 GMT+0530 (India Standard Time): GET /
Mon Aug 27 2018 17:11:26 GMT+0530 (India Standard Time): GET /join/signUp
Mon Aug 27 2018 17:11:32 GMT+0530 (India Standard Time): POST /join/signUp
Mon Aug 27 2018 17:11:32 GMT+0530 (India Standard Time): GET /
Mon Aug 27 2018 17:11:49 GMT+0530 (India Standard Time): POST /login
Mon Aug 27 2018 17:11:54 GMT+0530 (India Standard Time): GET /
Mon Aug 27 2018 17:23:07 GMT+0530 (India Standard Time): GET /join/signUp
Mon Aug 27 2018 17:23:12 GMT+0530 (India Standard Time): POST /join/signUp
Mon Aug 27 2018 17:23:12 GMT+0530 (India Standard Time): GET /
Mon Aug 27 2018 17:23:20 GMT+0530 (India Standard Time): GET /join/signUp
Mon Aug 27 2018 17:23:27 GMT+0530 (India Standard Time): POST /join/signUp
Mon Aug 27 2018 17:23:27 GMT+0530 (India Standard Time): GET /join/signUp
Mon Aug 27 2018 17:23:50 GMT+0530 (India Standard Time): POST /join/signUp
Mon Aug 27 2018 17:23:50 GMT+0530 (India Standard Time): GET /
Mon Aug 27 2018 17:26:48 GMT+0530 (India Standard Time): GET /join/signUp
Mon Aug 27 2018 17:26:54 GMT+0530 (India Standard Time): POST /join/signUp
Mon Aug 27 2018 17:26:54 GMT+0530 (India Standard Time): GET /
Mon Aug 27 2018 17:27:42 GMT+0530 (India Standard Time): GET /join/signUp
Mon Aug 27 2018 17:27:48 GMT+0530 (India Standard Time): POST /join/signUp
Mon Aug 27 2018 17:27:48 GMT+0530 (India Standard Time): GET /
Mon Aug 27 2018 17:27:50 GMT+0530 (India Standard Time): GET /join/signUp
Mon Aug 27 2018 17:27:56 GMT+0530 (India Standard Time): POST /join/signUp
Mon Aug 27 2018 17:27:56 GMT+0530 (India Standard Time): GET /join/signUp
Mon Aug 27 2018 17:28:01 GMT+0530 (India Standard Time): POST /join/signUp
Mon Aug 27 2018 17:28:01 GMT+0530 (India Standard Time): GET /
Mon Aug 27 2018 17:32:52 GMT+0530 (India Standard Time): GET /join/signUp
Mon Aug 27 2018 17:33:01 GMT+0530 (India Standard Time): POST /join/signUp
Mon Aug 27 2018 17:33:01 GMT+0530 (India Standard Time): GET /
Mon Aug 27 2018 17:33:07 GMT+0530 (India Standard Time): GET /join/signUp
Mon Aug 27 2018 17:33:15 GMT+0530 (India Standard Time): POST /join/signUp
Mon Aug 27 2018 17:33:15 GMT+0530 (India Standard Time): GET /join/signUp
Mon Aug 27 2018 17:33:25 GMT+0530 (India Standard Time): POST /join/signUp
Mon Aug 27 2018 17:33:25 GMT+0530 (India Standard Time): GET /join/signUp
Mon Aug 27 2018 17:37:18 GMT+0530 (India Standard Time): POST /join/signUp
Mon Aug 27 2018 17:37:18 GMT+0530 (India Standard Time): GET /
Mon Aug 27 2018 17:56:33 GMT+0530 (India Standard Time): GET /join/signUp
Mon Aug 27 2018 17:56:40 GMT+0530 (India Standard Time): POST /join/signUp
Mon Aug 27 2018 17:56:40 GMT+0530 (India Standard Time): GET /
Mon Aug 27 2018 17:56:42 GMT+0530 (India Standard Time): GET /join/signUp
Mon Aug 27 2018 17:56:49 GMT+0530 (India Standard Time): POST /join/signUp
Mon Aug 27 2018 17:56:50 GMT+0530 (India Standard Time): GET /join/signUp
Mon Aug 27 2018 17:58:12 GMT+0530 (India Standard Time): GET /
Mon Aug 27 2018 17:58:13 GMT+0530 (India Standard Time): GET /join/signUp
Mon Aug 27 2018 17:58:19 GMT+0530 (India Standard Time): POST /join/signUp
Mon Aug 27 2018 17:58:19 GMT+0530 (India Standard Time): GET /
Mon Aug 27 2018 17:58:21 GMT+0530 (India Standard Time): GET /join/signUp
Mon Aug 27 2018 17:58:28 GMT+0530 (India Standard Time): POST /join/signUp
Mon Aug 27 2018 17:58:28 GMT+0530 (India Standard Time): GET /join/signUp
Mon Aug 27 2018 17:58:35 GMT+0530 (India Standard Time): POST /join/signUp
Mon Aug 27 2018 17:58:35 GMT+0530 (India Standard Time): GET /
Mon Aug 27 2018 17:58:48 GMT+0530 (India Standard Time): GET /join/signUp
Mon Aug 27 2018 17:58:55 GMT+0530 (India Standard Time): POST /join/signUp
Mon Aug 27 2018 17:58:55 GMT+0530 (India Standard Time): GET /
Mon Aug 27 2018 18:01:59 GMT+0530 (India Standard Time): GET /join/signUp
Mon Aug 27 2018 18:02:05 GMT+0530 (India Standard Time): POST /join/signUp
Mon Aug 27 2018 18:02:11 GMT+0530 (India Standard Time): POST /
Mon Aug 27 2018 18:02:44 GMT+0530 (India Standard Time): GET /
Mon Aug 27 2018 18:02:46 GMT+0530 (India Standard Time): GET /join/signUp
Mon Aug 27 2018 18:02:53 GMT+0530 (India Standard Time): POST /join/signUp
Mon Aug 27 2018 18:02:53 GMT+0530 (India Standard Time): GET /join/signUp
Mon Aug 27 2018 18:03:00 GMT+0530 (India Standard Time): POST /join/signUp
Mon Aug 27 2018 18:08:11 GMT+0530 (India Standard Time): GET /login.hbs
Mon Aug 27 2018 18:08:17 GMT+0530 (India Standard Time): GET /login.
Mon Aug 27 2018 18:08:20 GMT+0530 (India Standard Time): GET /login
Mon Aug 27 2018 18:08:23 GMT+0530 (India Standard Time): GET /login
Mon Aug 27 2018 18:08:36 GMT+0530 (India Standard Time): GET /login
Mon Aug 27 2018 18:08:37 GMT+0530 (India Standard Time): GET /join/signUp
Mon Aug 27 2018 18:08:42 GMT+0530 (India Standard Time): POST /join/signUp
Mon Aug 27 2018 18:08:51 GMT+0530 (India Standard Time): POST /login
Mon Aug 27 2018 18:13:17 GMT+0530 (India Standard Time): GET /
Mon Aug 27 2018 18:14:24 GMT+0530 (India Standard Time): GET /join/signUp
Mon Aug 27 2018 18:14:31 GMT+0530 (India Standard Time): POST /join/signUp
Mon Aug 27 2018 18:14:31 GMT+0530 (India Standard Time): GET /join/signUp
Mon Aug 27 2018 18:14:38 GMT+0530 (India Standard Time): POST /join/signUp
Mon Aug 27 2018 18:14:39 GMT+0530 (India Standard Time): GET /join/signUp
Mon Aug 27 2018 18:18:08 GMT+0530 (India Standard Time): GET /
Mon Aug 27 2018 18:18:10 GMT+0530 (India Standard Time): GET /join/signUp
Mon Aug 27 2018 18:20:41 GMT+0530 (India Standard Time): GET /
Mon Aug 27 2018 18:20:44 GMT+0530 (India Standard Time): GET /join/signUp
Mon Aug 27 2018 18:20:51 GMT+0530 (India Standard Time): POST /join/signUp
Mon Aug 27 2018 18:21:04 GMT+0530 (India Standard Time): POST /login
Mon Aug 27 2018 18:21:55 GMT+0530 (India Standard Time): GET /
Mon Aug 27 2018 18:21:57 GMT+0530 (India Standard Time): GET /join/signUp
Mon Aug 27 2018 18:22:05 GMT+0530 (India Standard Time): POST /join/signUp
Mon Aug 27 2018 18:22:05 GMT+0530 (India Standard Time): GET /join/signUp
Mon Aug 27 2018 18:22:15 GMT+0530 (India Standard Time): POST /join/signUp
Tue Aug 28 2018 10:45:40 GMT+0530 (India Standard Time): GET /
Tue Aug 28 2018 10:45:43 GMT+0530 (India Standard Time): GET /join/signUp
Tue Aug 28 2018 10:45:43 GMT+0530 (India Standard Time): GET /favicon.ico
Tue Aug 28 2018 10:45:50 GMT+0530 (India Standard Time): POST /join/signUp
Tue Aug 28 2018 10:45:57 GMT+0530 (India Standard Time): POST /
Tue Aug 28 2018 10:52:08 GMT+0530 (India Standard Time): POST /
Tue Aug 28 2018 10:52:13 GMT+0530 (India Standard Time): POST /
Tue Aug 28 2018 11:01:51 GMT+0530 (India Standard Time): GET /
Tue Aug 28 2018 11:01:53 GMT+0530 (India Standard Time): GET /join/signUp
Tue Aug 28 2018 11:01:59 GMT+0530 (India Standard Time): POST /join/signUp
Tue Aug 28 2018 11:01:59 GMT+0530 (India Standard Time): GET /
Tue Aug 28 2018 11:02:05 GMT+0530 (India Standard Time): GET /join/signUp
Tue Aug 28 2018 11:02:12 GMT+0530 (India Standard Time): POST /join/signUp
Tue Aug 28 2018 11:02:12 GMT+0530 (India Standard Time): GET /
Tue Aug 28 2018 11:05:31 GMT+0530 (India Standard Time): GET /join/signUp
Tue Aug 28 2018 11:05:59 GMT+0530 (India Standard Time): POST /join/signUp
Tue Aug 28 2018 11:05:59 GMT+0530 (India Standard Time): GET /
Tue Aug 28 2018 11:06:21 GMT+0530 (India Standard Time): GET /join/signUp
Tue Aug 28 2018 11:07:07 GMT+0530 (India Standard Time): POST /join/signUp
Tue Aug 28 2018 11:07:07 GMT+0530 (India Standard Time): GET /
Tue Aug 28 2018 11:08:29 GMT+0530 (India Standard Time): GET /join/signUp
Tue Aug 28 2018 11:08:37 GMT+0530 (India Standard Time): POST /join/signUp
Tue Aug 28 2018 11:08:37 GMT+0530 (India Standard Time): GET /
Tue Aug 28 2018 11:09:32 GMT+0530 (India Standard Time): GET /join/signUp
Tue Aug 28 2018 11:09:42 GMT+0530 (India Standard Time): POST /join/signUp
Tue Aug 28 2018 11:09:42 GMT+0530 (India Standard Time): GET /
Tue Aug 28 2018 11:09:45 GMT+0530 (India Standard Time): GET /join/signUp
Tue Aug 28 2018 11:14:47 GMT+0530 (India Standard Time): GET /
Tue Aug 28 2018 11:14:49 GMT+0530 (India Standard Time): GET /join/signUp
Tue Aug 28 2018 11:15:25 GMT+0530 (India Standard Time): POST /join/signUp
Tue Aug 28 2018 11:15:25 GMT+0530 (India Standard Time): GET /
Tue Aug 28 2018 11:56:10 GMT+0530 (India Standard Time): GET /join/signUp
Tue Aug 28 2018 11:56:35 GMT+0530 (India Standard Time): POST /join/signUp
Tue Aug 28 2018 11:56:43 GMT+0530 (India Standard Time): GET /
Tue Aug 28 2018 11:56:46 GMT+0530 (India Standard Time): GET /join/signUp
Tue Aug 28 2018 11:57:03 GMT+0530 (India Standard Time): POST /join/signUp
Tue Aug 28 2018 11:57:05 GMT+0530 (India Standard Time): GET /
Tue Aug 28 2018 11:57:12 GMT+0530 (India Standard Time): GET /join/signUp
Tue Aug 28 2018 11:57:46 GMT+0530 (India Standard Time): POST /join/signUp
Tue Aug 28 2018 11:57:48 GMT+0530 (India Standard Time): GET /
Tue Aug 28 2018 12:04:51 GMT+0530 (India Standard Time): GET /
Tue Aug 28 2018 12:04:54 GMT+0530 (India Standard Time): GET /join/signUp
Tue Aug 28 2018 12:05:37 GMT+0530 (India Standard Time): POST /join/signUp
Tue Aug 28 2018 12:05:38 GMT+0530 (India Standard Time): GET /signUp
Tue Aug 28 2018 12:05:58 GMT+0530 (India Standard Time): GET /
Tue Aug 28 2018 12:06:00 GMT+0530 (India Standard Time): GET /join/signUp
Tue Aug 28 2018 12:06:29 GMT+0530 (India Standard Time): POST /join/signUp
Tue Aug 28 2018 12:06:30 GMT+0530 (India Standard Time): GET /join/signUp
Tue Aug 28 2018 12:08:11 GMT+0530 (India Standard Time): POST /join/signUp
Tue Aug 28 2018 12:08:14 GMT+0530 (India Standard Time): GET /
Tue Aug 28 2018 12:17:10 GMT+0530 (India Standard Time): POST /login
Tue Aug 28 2018 12:17:54 GMT+0530 (India Standard Time): GET /
Tue Aug 28 2018 12:17:59 GMT+0530 (India Standard Time): POST /login
Tue Aug 28 2018 12:18:47 GMT+0530 (India Standard Time): GET /
Tue Aug 28 2018 12:18:53 GMT+0530 (India Standard Time): POST /login
Tue Aug 28 2018 12:26:27 GMT+0530 (India Standard Time): GET /
Tue Aug 28 2018 12:26:35 GMT+0530 (India Standard Time): POST /login
Tue Aug 28 2018 12:26:39 GMT+0530 (India Standard Time): GET /
Tue Aug 28 2018 12:27:11 GMT+0530 (India Standard Time): POST /login
Tue Aug 28 2018 12:27:56 GMT+0530 (India Standard Time): GET /
Tue Aug 28 2018 12:28:01 GMT+0530 (India Standard Time): POST /login
Tue Aug 28 2018 12:28:10 GMT+0530 (India Standard Time): POST /login
Tue Aug 28 2018 12:33:13 GMT+0530 (India Standard Time): GET /
Tue Aug 28 2018 12:33:19 GMT+0530 (India Standard Time): POST /login
Tue Aug 28 2018 12:36:29 GMT+0530 (India Standard Time): GET /
Tue Aug 28 2018 12:36:37 GMT+0530 (India Standard Time): POST /login
Tue Aug 28 2018 12:38:41 GMT+0530 (India Standard Time): GET /
Tue Aug 28 2018 12:38:47 GMT+0530 (India Standard Time): POST /login
Tue Aug 28 2018 12:39:19 GMT+0530 (India Standard Time): POST /login
Tue Aug 28 2018 12:41:19 GMT+0530 (India Standard Time): POST /login
Tue Aug 28 2018 12:50:48 GMT+0530 (India Standard Time): GET /
Tue Aug 28 2018 12:50:57 GMT+0530 (India Standard Time): POST /login
Tue Aug 28 2018 12:52:57 GMT+0530 (India Standard Time): POST /login
Tue Aug 28 2018 12:53:18 GMT+0530 (India Standard Time): GET /
Tue Aug 28 2018 12:53:24 GMT+0530 (India Standard Time): POST /login
Tue Aug 28 2018 12:54:46 GMT+0530 (India Standard Time): POST /login
Tue Aug 28 2018 12:55:02 GMT+0530 (India Standard Time): POST /login
Tue Aug 28 2018 12:55:59 GMT+0530 (India Standard Time): GET /
Tue Aug 28 2018 12:56:07 GMT+0530 (India Standard Time): POST /login
Tue Aug 28 2018 12:57:36 GMT+0530 (India Standard Time): POST /login
Tue Aug 28 2018 12:58:14 GMT+0530 (India Standard Time): POST /login
Tue Aug 28 2018 12:58:39 GMT+0530 (India Standard Time): POST /login
Tue Aug 28 2018 13:00:13 GMT+0530 (India Standard Time): GET /
Tue Aug 28 2018 13:00:13 GMT+0530 (India Standard Time): GET /favicon.ico
Tue Aug 28 2018 13:00:13 GMT+0530 (India Standard Time): GET /favicon.ico
Tue Aug 28 2018 13:00:19 GMT+0530 (India Standard Time): POST /login
Tue Aug 28 2018 13:01:11 GMT+0530 (India Standard Time): POST /login
Tue Aug 28 2018 13:01:46 GMT+0530 (India Standard Time): GET /login
Tue Aug 28 2018 13:01:59 GMT+0530 (India Standard Time): POST /login
Tue Aug 28 2018 13:03:59 GMT+0530 (India Standard Time): POST /login
Tue Aug 28 2018 13:04:42 GMT+0530 (India Standard Time): GET /
Tue Aug 28 2018 13:04:47 GMT+0530 (India Standard Time): POST /login
Tue Aug 28 2018 14:13:25 GMT+0530 (India Standard Time): GET /
Tue Aug 28 2018 14:13:31 GMT+0530 (India Standard Time): POST /login
Tue Aug 28 2018 14:14:29 GMT+0530 (India Standard Time): GET /
Tue Aug 28 2018 14:14:35 GMT+0530 (India Standard Time): POST /login
Tue Aug 28 2018 14:14:45 GMT+0530 (India Standard Time): POST /login
Tue Aug 28 2018 14:16:41 GMT+0530 (India Standard Time): POST /login
Tue Aug 28 2018 14:17:25 GMT+0530 (India Standard Time): GET /
Tue Aug 28 2018 14:17:30 GMT+0530 (India Standard Time): POST /login
Tue Aug 28 2018 14:17:37 GMT+0530 (India Standard Time): POST /login
Tue Aug 28 2018 14:18:17 GMT+0530 (India Standard Time): POST /login
Tue Aug 28 2018 14:18:21 GMT+0530 (India Standard Time): GET /
Tue Aug 28 2018 14:18:26 GMT+0530 (India Standard Time): POST /login
Tue Aug 28 2018 14:18:33 GMT+0530 (India Standard Time): POST /login
Tue Aug 28 2018 14:19:16 GMT+0530 (India Standard Time): GET /
Tue Aug 28 2018 14:19:20 GMT+0530 (India Standard Time): POST /login
Tue Aug 28 2018 14:20:53 GMT+0530 (India Standard Time): GET /
Tue Aug 28 2018 14:20:58 GMT+0530 (India Standard Time): POST /login
Tue Aug 28 2018 14:21:05 GMT+0530 (India Standard Time): POST /login
Tue Aug 28 2018 14:24:56 GMT+0530 (India Standard Time): GET /
Tue Aug 28 2018 14:25:16 GMT+0530 (India Standard Time): POST /login
Tue Aug 28 2018 14:25:29 GMT+0530 (India Standard Time): POST /login
Tue Aug 28 2018 14:25:35 GMT+0530 (India Standard Time): GET /
Tue Aug 28 2018 14:26:42 GMT+0530 (India Standard Time): POST /login
Tue Aug 28 2018 14:26:51 GMT+0530 (India Standard Time): GET /login
Tue Aug 28 2018 14:26:57 GMT+0530 (India Standard Time): GET /
Tue Aug 28 2018 14:35:40 GMT+0530 (India Standard Time): POST /login
Tue Aug 28 2018 14:35:46 GMT+0530 (India Standard Time): GET /
Tue Aug 28 2018 14:36:25 GMT+0530 (India Standard Time): GET /
Tue Aug 28 2018 14:36:31 GMT+0530 (India Standard Time): POST /login
Tue Aug 28 2018 14:36:36 GMT+0530 (India Standard Time): POST /login
Tue Aug 28 2018 14:36:40 GMT+0530 (India Standard Time): GET /
Tue Aug 28 2018 14:36:46 GMT+0530 (India Standard Time): POST /login
Tue Aug 28 2018 14:38:18 GMT+0530 (India Standard Time): GET /
Tue Aug 28 2018 14:38:32 GMT+0530 (India Standard Time): POST /login
Tue Aug 28 2018 14:38:35 GMT+0530 (India Standard Time): GET /
Tue Aug 28 2018 14:38:43 GMT+0530 (India Standard Time): POST /login
Tue Aug 28 2018 14:39:41 GMT+0530 (India Standard Time): POST /login
Tue Aug 28 2018 14:39:49 GMT+0530 (India Standard Time): POST /login
Tue Aug 28 2018 14:39:52 GMT+0530 (India Standard Time): GET /
Tue Aug 28 2018 14:46:12 GMT+0530 (India Standard Time): GET /
Tue Aug 28 2018 14:49:22 GMT+0530 (India Standard Time): POST /login
Tue Aug 28 2018 15:03:56 GMT+0530 (India Standard Time): GET /join/signUp
Tue Aug 28 2018 15:04:21 GMT+0530 (India Standard Time): POST /join/signUp
Tue Aug 28 2018 15:04:24 GMT+0530 (India Standard Time): GET /
Tue Aug 28 2018 15:07:51 GMT+0530 (India Standard Time): GET /join/signUp
Tue Aug 28 2018 15:08:10 GMT+0530 (India Standard Time): POST /join/signUp
Tue Aug 28 2018 15:08:10 GMT+0530 (India Standard Time): GET /registerUserOk
Tue Aug 28 2018 15:10:27 GMT+0530 (India Standard Time): GET /registerUserOk
Tue Aug 28 2018 15:10:48 GMT+0530 (India Standard Time): GET /
Tue Aug 28 2018 15:11:58 GMT+0530 (India Standard Time): GET /join/signUp
Tue Aug 28 2018 15:12:14 GMT+0530 (India Standard Time): POST /join/signUp
Tue Aug 28 2018 15:12:14 GMT+0530 (India Standard Time): GET /registerUserOk
Tue Aug 28 2018 15:13:53 GMT+0530 (India Standard Time): GET /registerUserOk
Tue Aug 28 2018 15:13:55 GMT+0530 (India Standard Time): GET /registerUserOk
Tue Aug 28 2018 15:16:01 GMT+0530 (India Standard Time): GET /registerUserOk
Tue Aug 28 2018 15:16:05 GMT+0530 (India Standard Time): GET /registerUserOk
Tue Aug 28 2018 15:16:08 GMT+0530 (India Standard Time): GET /
Tue Aug 28 2018 15:16:26 GMT+0530 (India Standard Time): GET /login
Tue Aug 28 2018 15:16:35 GMT+0530 (India Standard Time): GET /join/signUp
Tue Aug 28 2018 15:16:42 GMT+0530 (India Standard Time): GET /registerUserOk
Tue Aug 28 2018 15:17:55 GMT+0530 (India Standard Time): GET /registerUserOk/registerUserOk
Tue Aug 28 2018 15:17:59 GMT+0530 (India Standard Time): GET /registerUserOk
Tue Aug 28 2018 15:18:01 GMT+0530 (India Standard Time): GET /registerUserOk
Tue Aug 28 2018 15:24:40 GMT+0530 (India Standard Time): GET /register
Tue Aug 28 2018 15:24:42 GMT+0530 (India Standard Time): GET /register
Tue Aug 28 2018 15:24:59 GMT+0530 (India Standard Time): GET /register
Tue Aug 28 2018 15:25:39 GMT+0530 (India Standard Time): GET /register
Tue Aug 28 2018 15:25:41 GMT+0530 (India Standard Time): GET /register
Tue Aug 28 2018 15:28:45 GMT+0530 (India Standard Time): GET /register
Tue Aug 28 2018 15:28:48 GMT+0530 (India Standard Time): GET /
Tue Aug 28 2018 15:28:50 GMT+0530 (India Standard Time): GET /join/signUp
Tue Aug 28 2018 15:29:03 GMT+0530 (India Standard Time): POST /join/signUp
Tue Aug 28 2018 15:29:04 GMT+0530 (India Standard Time): GET /registerUserOk
Tue Aug 28 2018 15:29:31 GMT+0530 (India Standard Time): GET /
Tue Aug 28 2018 15:29:33 GMT+0530 (India Standard Time): GET /join/signUp
Tue Aug 28 2018 15:29:49 GMT+0530 (India Standard Time): POST /join/signUp
Tue Aug 28 2018 15:29:50 GMT+0530 (India Standard Time): GET /register/register
Tue Aug 28 2018 15:30:20 GMT+0530 (India Standard Time): GET /
Tue Aug 28 2018 15:30:22 GMT+0530 (India Standard Time): GET /join/signUp
Tue Aug 28 2018 15:30:47 GMT+0530 (India Standard Time): POST /join/signUp
Tue Aug 28 2018 15:30:48 GMT+0530 (India Standard Time): GET /register/register
Tue Aug 28 2018 15:30:51 GMT+0530 (India Standard Time): GET /
Tue Aug 28 2018 15:33:41 GMT+0530 (India Standard Time): POST /login
Tue Aug 28 2018 15:33:50 GMT+0530 (India Standard Time): GET /
Tue Aug 28 2018 15:33:59 GMT+0530 (India Standard Time): POST /login
Tue Aug 28 2018 15:39:35 GMT+0530 (India Standard Time): POST /login
Tue Aug 28 2018 15:39:42 GMT+0530 (India Standard Time): GET /
Tue Aug 28 2018 15:44:47 GMT+0530 (India Standard Time): GET /join/signUp
Tue Aug 28 2018 15:45:05 GMT+0530 (India Standard Time): POST /join/signUp
Tue Aug 28 2018 15:45:06 GMT+0530 (India Standard Time): GET /register/register
Tue Aug 28 2018 15:45:08 GMT+0530 (India Standard Time): GET /
Tue Aug 28 2018 15:45:19 GMT+0530 (India Standard Time): POST /login
Tue Aug 28 2018 15:45:33 GMT+0530 (India Standard Time): GET /
Tue Aug 28 2018 15:46:57 GMT+0530 (India Standard Time): POST /login
Tue Aug 28 2018 15:47:37 GMT+0530 (India Standard Time): POST /login
Tue Aug 28 2018 15:47:45 GMT+0530 (India Standard Time): GET /
Tue Aug 28 2018 15:47:50 GMT+0530 (India Standard Time): POST /login
Tue Aug 28 2018 15:47:59 GMT+0530 (India Standard Time): POST /login
Tue Aug 28 2018 15:48:09 GMT+0530 (India Standard Time): POST /login
Tue Aug 28 2018 15:48:48 GMT+0530 (India Standard Time): GET /
Tue Aug 28 2018 15:48:57 GMT+0530 (India Standard Time): POST /login
Tue Aug 28 2018 15:49:03 GMT+0530 (India Standard Time): GET /join/signUp
Tue Aug 28 2018 15:49:44 GMT+0530 (India Standard Time): POST /join/signUp
Tue Aug 28 2018 15:49:44 GMT+0530 (India Standard Time): GET /register/register
Tue Aug 28 2018 15:49:46 GMT+0530 (India Standard Time): GET /
Tue Aug 28 2018 15:50:00 GMT+0530 (India Standard Time): POST /login
Tue Aug 28 2018 15:50:13 GMT+0530 (India Standard Time): POST /login
Tue Aug 28 2018 15:55:05 GMT+0530 (India Standard Time): GET /
Tue Aug 28 2018 15:55:17 GMT+0530 (India Standard Time): POST /login
Tue Aug 28 2018 15:55:24 GMT+0530 (India Standard Time): GET /
Tue Aug 28 2018 15:55:32 GMT+0530 (India Standard Time): POST /login
Tue Aug 28 2018 15:55:39 GMT+0530 (India Standard Time): POST /login
Tue Aug 28 2018 15:56:55 GMT+0530 (India Standard Time): POST /login
Tue Aug 28 2018 15:57:00 GMT+0530 (India Standard Time): GET /
Tue Aug 28 2018 15:57:06 GMT+0530 (India Standard Time): POST /login
Tue Aug 28 2018 15:59:46 GMT+0530 (India Standard Time): POST /login
Tue Aug 28 2018 15:59:54 GMT+0530 (India Standard Time): GET /
Tue Aug 28 2018 16:00:01 GMT+0530 (India Standard Time): POST /login
Tue Aug 28 2018 16:01:40 GMT+0530 (India Standard Time): POST /login
Tue Aug 28 2018 16:02:26 GMT+0530 (India Standard Time): POST /login
Tue Aug 28 2018 16:03:03 GMT+0530 (India Standard Time): POST /login
Tue Aug 28 2018 16:26:56 GMT+0530 (India Standard Time): POST /login
Tue Aug 28 2018 16:26:59 GMT+0530 (India Standard Time): GET /
Tue Aug 28 2018 16:27:40 GMT+0530 (India Standard Time): GET /
Tue Aug 28 2018 16:27:48 GMT+0530 (India Standard Time): POST /login
Tue Aug 28 2018 16:28:10 GMT+0530 (India Standard Time): POST /login
Tue Aug 28 2018 16:28:14 GMT+0530 (India Standard Time): GET /
Tue Aug 28 2018 16:28:20 GMT+0530 (India Standard Time): POST /login
Tue Aug 28 2018 16:28:26 GMT+0530 (India Standard Time): POST /login
Tue Aug 28 2018 16:29:44 GMT+0530 (India Standard Time): GET /join/signUp
Tue Aug 28 2018 16:30:06 GMT+0530 (India Standard Time): POST /join/signUp
Tue Aug 28 2018 16:30:06 GMT+0530 (India Standard Time): GET /register/register
Tue Aug 28 2018 16:30:08 GMT+0530 (India Standard Time): GET /
Tue Aug 28 2018 16:30:19 GMT+0530 (India Standard Time): POST /login
Tue Aug 28 2018 16:30:32 GMT+0530 (India Standard Time): POST /login
Tue Aug 28 2018 16:37:07 GMT+0530 (India Standard Time): GET /
Tue Aug 28 2018 16:38:06 GMT+0530 (India Standard Time): GET /
Tue Aug 28 2018 16:41:48 GMT+0530 (India Standard Time): GET /
Tue Aug 28 2018 16:42:17 GMT+0530 (India Standard Time): GET /
Tue Aug 28 2018 16:42:26 GMT+0530 (India Standard Time): GET /
Tue Aug 28 2018 16:43:09 GMT+0530 (India Standard Time): GET /
Tue Aug 28 2018 16:50:51 GMT+0530 (India Standard Time): GET /
Tue Aug 28 2018 16:51:36 GMT+0530 (India Standard Time): GET /
Tue Aug 28 2018 16:54:38 GMT+0530 (India Standard Time): GET /
Tue Aug 28 2018 16:58:10 GMT+0530 (India Standard Time): GET /
Tue Aug 28 2018 16:58:36 GMT+0530 (India Standard Time): POST /login
Tue Aug 28 2018 16:58:41 GMT+0530 (India Standard Time): GET /
Tue Aug 28 2018 17:04:22 GMT+0530 (India Standard Time): GET /join/signUp
Tue Aug 28 2018 17:06:34 GMT+0530 (India Standard Time): GET /join/signUp
Tue Aug 28 2018 17:08:28 GMT+0530 (India Standard Time): GET /join/signUp
Tue Aug 28 2018 17:08:47 GMT+0530 (India Standard Time): POST /join/signUp
Tue Aug 28 2018 17:08:49 GMT+0530 (India Standard Time): GET /register/register
Tue Aug 28 2018 17:08:51 GMT+0530 (India Standard Time): GET /
Tue Aug 28 2018 17:24:25 GMT+0530 (India Standard Time): GET /
Tue Aug 28 2018 17:24:28 GMT+0530 (India Standard Time): GET /join/signUp
Tue Aug 28 2018 17:24:46 GMT+0530 (India Standard Time): POST /join/signUp
Tue Aug 28 2018 17:24:47 GMT+0530 (India Standard Time): GET /register/register
Tue Aug 28 2018 17:24:49 GMT+0530 (India Standard Time): GET /
Tue Aug 28 2018 17:25:46 GMT+0530 (India Standard Time): GET /join/signUp
Tue Aug 28 2018 17:26:07 GMT+0530 (India Standard Time): POST /join/signUp
Tue Aug 28 2018 17:26:07 GMT+0530 (India Standard Time): GET /register/register
Tue Aug 28 2018 17:26:10 GMT+0530 (India Standard Time): GET /
Tue Aug 28 2018 17:28:07 GMT+0530 (India Standard Time): GET /join/signUp
Tue Aug 28 2018 17:28:22 GMT+0530 (India Standard Time): POST /join/signUp
Tue Aug 28 2018 17:28:23 GMT+0530 (India Standard Time): GET /register/register
Tue Aug 28 2018 17:28:25 GMT+0530 (India Standard Time): GET /
Tue Aug 28 2018 17:28:54 GMT+0530 (India Standard Time): POST /login
Tue Aug 28 2018 17:29:04 GMT+0530 (India Standard Time): POST /login
Tue Aug 28 2018 17:29:31 GMT+0530 (India Standard Time): POST /login
Tue Aug 28 2018 17:34:14 GMT+0530 (India Standard Time): GET /
Tue Aug 28 2018 17:34:23 GMT+0530 (India Standard Time): POST /login
Tue Aug 28 2018 17:36:58 GMT+0530 (India Standard Time): GET /
Tue Aug 28 2018 17:37:10 GMT+0530 (India Standard Time): POST /login
Tue Aug 28 2018 17:43:28 GMT+0530 (India Standard Time): GET /
Tue Aug 28 2018 17:43:38 GMT+0530 (India Standard Time): POST /login
Tue Aug 28 2018 17:44:02 GMT+0530 (India Standard Time): GET /
Tue Aug 28 2018 17:44:17 GMT+0530 (India Standard Time): POST /login
Tue Aug 28 2018 17:44:34 GMT+0530 (India Standard Time): GET /
Tue Aug 28 2018 17:44:51 GMT+0530 (India Standard Time): POST /login
Tue Aug 28 2018 18:00:05 GMT+0530 (India Standard Time): POST /login
Tue Aug 28 2018 18:12:18 GMT+0530 (India Standard Time): POST /login
Tue Aug 28 2018 18:13:02 GMT+0530 (India Standard Time): POST /login
Tue Aug 28 2018 18:13:33 GMT+0530 (India Standard Time): GET /
Tue Aug 28 2018 18:13:42 GMT+0530 (India Standard Time): POST /login
Tue Aug 28 2018 18:14:34 GMT+0530 (India Standard Time): GET /
Tue Aug 28 2018 18:14:46 GMT+0530 (India Standard Time): POST /login
Tue Aug 28 2018 18:14:53 GMT+0530 (India Standard Time): GET /
Tue Aug 28 2018 18:14:56 GMT+0530 (India Standard Time): GET /join/signUp
Tue Aug 28 2018 18:15:16 GMT+0530 (India Standard Time): POST /join/signUp
Tue Aug 28 2018 18:15:16 GMT+0530 (India Standard Time): GET /register/register
Tue Aug 28 2018 18:15:19 GMT+0530 (India Standard Time): GET /
Tue Aug 28 2018 18:15:29 GMT+0530 (India Standard Time): POST /login
Tue Aug 28 2018 18:27:13 GMT+0530 (India Standard Time): GET /
Tue Aug 28 2018 18:27:25 GMT+0530 (India Standard Time): POST /login
Tue Aug 28 2018 18:27:31 GMT+0530 (India Standard Time): GET /join/signUp
Tue Aug 28 2018 18:27:46 GMT+0530 (India Standard Time): POST /join/signUp
Tue Aug 28 2018 18:27:47 GMT+0530 (India Standard Time): GET /register/register
Tue Aug 28 2018 18:27:50 GMT+0530 (India Standard Time): GET /
Tue Aug 28 2018 18:28:01 GMT+0530 (India Standard Time): POST /login
Tue Aug 28 2018 18:28:06 GMT+0530 (India Standard Time): GET /
Tue Aug 28 2018 18:36:28 GMT+0530 (India Standard Time): POST /login
Tue Aug 28 2018 18:36:34 GMT+0530 (India Standard Time): GET /join/signUp
Tue Aug 28 2018 18:36:49 GMT+0530 (India Standard Time): POST /join/signUp
Tue Aug 28 2018 18:36:50 GMT+0530 (India Standard Time): GET /register/register
Tue Aug 28 2018 18:36:52 GMT+0530 (India Standard Time): GET /
Tue Aug 28 2018 18:37:25 GMT+0530 (India Standard Time): POST /login
Tue Aug 28 2018 18:37:29 GMT+0530 (India Standard Time): GET /
